INFO:werkzeug: * Running on http://localhost:5000 (Press CTRL+C to quit)
INFO:werkzeug: * Restarting with stat
WARNING:werkzeug: * Debugger is active!
INFO:werkzeug: * Debugger PIN: 702-200-820
INFO:werkzeug: * Detected change in '/home/dmitriy/PycharmProjects/coursework2/config.py', reloading
INFO:werkzeug: * Restarting with stat
INFO:werkzeug: * Running on http://localhost:5000 (Press CTRL+C to quit)
INFO:werkzeug: * Restarting with stat
WARNING:werkzeug: * Debugger is active!
INFO:werkzeug: * Debugger PIN: 702-200-820
INFO:root:Открываю станицу с индексом: 1
INFO:werkzeug:127.0.0.1 - - [20/Jul/2022 00:46:31] "GET /post/1 HTTP/1.1" 200 -
INFO:werkzeug:127.0.0.1 - - [20/Jul/2022 00:46:31] "[36mGET /post/static/css/styles.min.css HTTP/1.1[0m" 304 -
INFO:werkzeug:127.0.0.1 - - [20/Jul/2022 00:46:31] "[36mGET /post/static/img/bookmark.png HTTP/1.1[0m" 304 -
INFO:werkzeug:127.0.0.1 - - [20/Jul/2022 00:46:31] "[36mGET /post/static/img/eye.png HTTP/1.1[0m" 304 -
INFO:root:Открываю станицу с индексом: 9
INFO:root:Не удалось открыть станицу с индексом: 9
INFO:werkzeug:127.0.0.1 - - [20/Jul/2022 00:46:34] "[33mGET /post/9 HTTP/1.1[0m" 404 -
INFO:werkzeug:127.0.0.1 - - [20/Jul/2022 00:46:34] "[36mGET /post/static/css/styles.min.css HTTP/1.1[0m" 304 -
INFO:werkzeug: * Running on http://localhost:5000 (Press CTRL+C to quit)
INFO:werkzeug: * Restarting with stat
WARNING:werkzeug: * Debugger is active!
INFO:werkzeug: * Debugger PIN: 110-693-108
INFO:werkzeug: * Detected change in '/home/dmitriy/PycharmProjects/coursework2/tests/conftest.py', reloading
INFO:werkzeug: * Restarting with stat
WARNING:werkzeug: * Debugger is active!
INFO:werkzeug: * Debugger PIN: 110-693-108
INFO:werkzeug: * Detected change in '/home/dmitriy/PycharmProjects/coursework2/__init__.py', reloading
INFO:werkzeug: * Restarting with stat
WARNING:werkzeug: * Debugger is active!
INFO:werkzeug: * Debugger PIN: 110-693-108
INFO:werkzeug: * Detected change in '/home/dmitriy/PycharmProjects/coursework2/tests/conftest.py', reloading
INFO:werkzeug: * Restarting with stat
WARNING:werkzeug: * Debugger is active!
INFO:werkzeug: * Debugger PIN: 110-693-108
INFO:werkzeug: * Detected change in '/home/dmitriy/PycharmProjects/coursework2/tests/main_test.py', reloading
INFO:werkzeug: * Restarting with stat
WARNING:werkzeug: * Debugger is active!
INFO:werkzeug: * Debugger PIN: 110-693-108
INFO:werkzeug: * Detected change in '/home/dmitriy/PycharmProjects/coursework2/tests/conftest.py', reloading
INFO:werkzeug: * Restarting with stat
WARNING:werkzeug: * Debugger is active!
INFO:werkzeug: * Debugger PIN: 110-693-108
